This file contains any messages produced by compilers while
running configure, to aid debugging if configure makes a mistake.

It was created by configure, which was
generated by GNU Autoconf 2.67.  Invocation command line was

  $ ./configure --disable-shared --enable-static --prefix=/usr/local/xenon/usr --host=xenon --enable-music-ogg-tremor

## --------- ##
## Platform. ##
## --------- ##

hostname = crunchbang
uname -m = i686
uname -r = 2.6.32-5-686
uname -s = Linux
uname -v = #1 SMP Sun May 6 04:01:19 UTC 2012

/usr/bin/uname -p = unknown
/bin/uname -X     = unknown

/bin/arch              = unknown
/usr/bin/arch -k       = unknown
/usr/convex/getsysinfo = unknown
/usr/bin/hostinfo      = unknown
/bin/machine           = unknown
/usr/bin/oslevel       = unknown
/bin/universe          = unknown

PATH: /home/pos/bin
PATH: /usr/sbin
PATH: /sbin
PATH: /usr/local/bin
PATH: /usr/bin
PATH: /bin
PATH: /usr/local/games
PATH: /usr/games
PATH: /usr/local/xenon/bin
PATH: /usr/local/xenon/usr/bin


## ----------- ##
## Core tests. ##
## ----------- ##

configure:2409: checking build system type
configure:2425: result: i686-pc-linux-gnu
configure:2445: checking host system type
configure:2460: result: powerpc64-unknown-none
configure:2845: checking for xenon-gcc
configure:2872: result: xenon-gcc
configure:3141: checking for C compiler version
configure:3150: xenon-gcc --version >&5
xenon-gcc (GCC) 4.7.1
Copyright (C) 2012 Free Software Foundation, Inc.
This is free software; see the source for copying conditions.  There is NO
warranty; not even for MERCHANTABILITY or FITNESS FOR A PARTICULAR PURPOSE.

configure:3161: $? = 0
configure:3150: xenon-gcc -v >&5
Using built-in specs.
COLLECT_GCC=xenon-gcc
COLLECT_LTO_WRAPPER=/usr/local/xenon/libexec/gcc/xenon/4.7.1/lto-wrapper
Target: xenon
Configured with: ../gcc-4.7.1/configure --target=xenon --prefix=/usr/local/xenon --with-libiconv-prefix=/opt/local --with-cpu=cell --with-gmp=/opt/local --with-mpfr=/opt/local --disable-decimal-float --disable-libquadmath --enable-languages=c,c++ --disable-libssp --with-newlib --enable-cxx-flags=-G0 --disable-libmudflap --disable-nls --disable-shared --disable-linux-futex --enable-altivec --disable-threads --disable-libgomp --disable-libitm
Thread model: single
gcc version 4.7.1 (GCC) 
configure:3161: $? = 0
configure:3150: xenon-gcc -V >&5
xenon-gcc: error: unrecognized command line option '-V'
xenon-gcc: fatal error: no input files
compilation terminated.
configure:3161: $? = 1
configure:3150: xenon-gcc -qversion >&5
xenon-gcc: error: unrecognized command line option '-qversion'
xenon-gcc: fatal error: no input files
compilation terminated.
configure:3161: $? = 1
configure:3181: checking whether the C compiler works
configure:3203: xenon-gcc -mcpu=cell -mtune=cell -m32 -fno-pic -mpowerpc64 /usr/local/xenon/usr/lib/libxenon.a -L/usr/local/xenon/xenon/lib/32/ -T/usr/local/xenon/app.lds -u read -u _start -u exc_base -L/usr/local/xenon/usr/lib -I/usr/local/xenon/usr/include  -D_GNU_SOURCE=1   -D_GNU_SOURCE=1   conftest.c  >&5
configure:3207: $? = 0
configure:3255: result: yes
configure:3258: checking for C compiler default output file name
configure:3260: result: a.out
configure:3266: checking for suffix of executables
configure:3273: xenon-gcc -o conftest -mcpu=cell -mtune=cell -m32 -fno-pic -mpowerpc64 /usr/local/xenon/usr/lib/libxenon.a -L/usr/local/xenon/xenon/lib/32/ -T/usr/local/xenon/app.lds -u read -u _start -u exc_base -L/usr/local/xenon/usr/lib -I/usr/local/xenon/usr/include  -D_GNU_SOURCE=1   -D_GNU_SOURCE=1   conftest.c  >&5
configure:3277: $? = 0
configure:3299: result: 
configure:3321: checking whether we are cross compiling
configure:3329: xenon-gcc -o conftest -mcpu=cell -mtune=cell -m32 -fno-pic -mpowerpc64 /usr/local/xenon/usr/lib/libxenon.a -L/usr/local/xenon/xenon/lib/32/ -T/usr/local/xenon/app.lds -u read -u _start -u exc_base -L/usr/local/xenon/usr/lib -I/usr/local/xenon/usr/include  -D_GNU_SOURCE=1   -D_GNU_SOURCE=1   conftest.c  >&5
configure:3333: $? = 0
configure:3340: ./conftest
./configure: line 3342: ./conftest: cannot execute binary file
configure:3344: $? = 126
configure:3359: result: yes
configure:3364: checking for suffix of object files
configure:3386: xenon-gcc -c -mcpu=cell -mtune=cell -m32 -fno-pic -mpowerpc64 /usr/local/xenon/usr/lib/libxenon.a -L/usr/local/xenon/xenon/lib/32/ -T/usr/local/xenon/app.lds -u read -u _start -u exc_base -L/usr/local/xenon/usr/lib -I/usr/local/xenon/usr/include  -D_GNU_SOURCE=1   -D_GNU_SOURCE=1 conftest.c >&5
xenon-gcc: warning: /usr/local/xenon/usr/lib/libxenon.a: linker input file unused because linking not done
configure:3390: $? = 0
configure:3411: result: o
configure:3415: checking whether we are using the GNU C compiler
configure:3434: xenon-gcc -c -mcpu=cell -mtune=cell -m32 -fno-pic -mpowerpc64 /usr/local/xenon/usr/lib/libxenon.a -L/usr/local/xenon/xenon/lib/32/ -T/usr/local/xenon/app.lds -u read -u _start -u exc_base -L/usr/local/xenon/usr/lib -I/usr/local/xenon/usr/include  -D_GNU_SOURCE=1   -D_GNU_SOURCE=1 conftest.c >&5
xenon-gcc: warning: /usr/local/xenon/usr/lib/libxenon.a: linker input file unused because linking not done
configure:3434: $? = 0
configure:3443: result: yes
configure:3452: checking whether xenon-gcc accepts -g
configure:3472: xenon-gcc -c -g   -D_GNU_SOURCE=1 conftest.c >&5
configure:3472: $? = 0
configure:3513: result: yes
configure:3530: checking for xenon-gcc option to accept ISO C89
configure:3594: xenon-gcc  -c -mcpu=cell -mtune=cell -m32 -fno-pic -mpowerpc64 /usr/local/xenon/usr/lib/libxenon.a -L/usr/local/xenon/xenon/lib/32/ -T/usr/local/xenon/app.lds -u read -u _start -u exc_base -L/usr/local/xenon/usr/lib -I/usr/local/xenon/usr/include  -D_GNU_SOURCE=1   -D_GNU_SOURCE=1 conftest.c >&5
xenon-gcc: warning: /usr/local/xenon/usr/lib/libxenon.a: linker input file unused because linking not done
configure:3594: $? = 0
configure:3607: result: none needed
configure:3627: checking for a sed that does not truncate output
configure:3691: result: /bin/sed
configure:3709: checking for grep that handles long lines and -e
configure:3767: result: /bin/grep
configure:3772: checking for egrep
configure:3834: result: /bin/grep -E
configure:3839: checking for fgrep
configure:3901: result: /bin/grep -F
configure:3936: checking for ld used by xenon-gcc
configure:4003: result: /usr/local/xenon/xenon/bin/ld
configure:4010: checking if the linker (/usr/local/xenon/xenon/bin/ld) is GNU ld
configure:4025: result: yes
configure:4037: checking for BSD- or MS-compatible name lister (nm)
configure:4086: result: /usr/local/xenon/bin/xenon-nm -B
configure:4204: checking the name lister (/usr/local/xenon/bin/xenon-nm -B) interface
configure:4206: xenon-gcc -c -mcpu=cell -mtune=cell -m32 -fno-pic -mpowerpc64 /usr/local/xenon/usr/lib/libxenon.a -L/usr/local/xenon/xenon/lib/32/ -T/usr/local/xenon/app.lds -u read -u _start -u exc_base -L/usr/local/xenon/usr/lib -I/usr/local/xenon/usr/include  -D_GNU_SOURCE=1   -D_GNU_SOURCE=1 conftest.c >&5
xenon-gcc: warning: /usr/local/xenon/usr/lib/libxenon.a: linker input file unused because linking not done
configure:4209: /usr/local/xenon/bin/xenon-nm -B "conftest.o"
configure:4212: output
00000000 S some_variable
configure:4224: result: BSD nm
configure:4227: checking whether ln -s works
configure:4231: result: yes
configure:4239: checking the maximum length of command line arguments
configure:4359: result: 1572864
configure:4376: checking whether the shell understands some XSI constructs
configure:4386: result: yes
configure:4390: checking whether the shell understands "+="
configure:4396: result: yes
configure:4431: checking for /usr/local/xenon/xenon/bin/ld option to reload object files
configure:4438: result: -r
configure:4467: checking for xenon-objdump
configure:4494: result: objdump
configure:4563: checking how to recognize dependent libraries
configure:4759: result: unknown
configure:4779: checking for xenon-ar
configure:4795: found /usr/local/xenon/bin/xenon-ar
configure:4806: result: xenon-ar
configure:4884: checking for xenon-strip
configure:4900: found /usr/local/xenon/bin/xenon-strip
configure:4911: result: xenon-strip
configure:4983: checking for xenon-ranlib
configure:4999: found /usr/local/xenon/bin/xenon-ranlib
configure:5010: result: xenon-ranlib
configure:5140: checking command to parse /usr/local/xenon/bin/xenon-nm -B output from xenon-gcc object
configure:5258: xenon-gcc -c -mcpu=cell -mtune=cell -m32 -fno-pic -mpowerpc64 /usr/local/xenon/usr/lib/libxenon.a -L/usr/local/xenon/xenon/lib/32/ -T/usr/local/xenon/app.lds -u read -u _start -u exc_base -L/usr/local/xenon/usr/lib -I/usr/local/xenon/usr/include  -D_GNU_SOURCE=1   -D_GNU_SOURCE=1 conftest.c >&5
xenon-gcc: warning: /usr/local/xenon/usr/lib/libxenon.a: linker input file unused because linking not done
configure:5261: $? = 0
configure:5265: /usr/local/xenon/bin/xenon-nm -B conftest.o \| sed -n -e 's/^.*[	 ]\([ABCDGIRSTW][ABCDGIRSTW]*\)[	 ][	 ]*\([_A-Za-z][_A-Za-z0-9]*\)$/\1 \2 \2/p' \> conftest.nm
configure:5268: $? = 0
configure:5322: xenon-gcc -o conftest -mcpu=cell -mtune=cell -m32 -fno-pic -mpowerpc64 /usr/local/xenon/usr/lib/libxenon.a -L/usr/local/xenon/xenon/lib/32/ -T/usr/local/xenon/app.lds -u read -u _start -u exc_base -L/usr/local/xenon/usr/lib -I/usr/local/xenon/usr/include  -D_GNU_SOURCE=1   -D_GNU_SOURCE=1   conftest.c conftstm.o >&5
configure:5325: $? = 0
configure:5363: result: ok
configure:6172: checking how to run the C preprocessor
configure:6203: xenon-gcc -E   -D_GNU_SOURCE=1 conftest.c
configure:6203: $? = 0
configure:6217: xenon-gcc -E   -D_GNU_SOURCE=1 conftest.c
conftest.c:9:28: fatal error: ac_nonexistent.h: No such file or directory
compilation terminated.
configure:6217: $? = 1
configure: failed program was:
| /* confdefs.h */
| #define PACKAGE_NAME ""
| #define PACKAGE_TARNAME ""
| #define PACKAGE_VERSION ""
| #define PACKAGE_STRING ""
| #define PACKAGE_BUGREPORT ""
| #define PACKAGE_URL ""
| /* end confdefs.h.  */
| #include <ac_nonexistent.h>
configure:6242: result: xenon-gcc -E
configure:6262: xenon-gcc -E   -D_GNU_SOURCE=1 conftest.c
configure:6262: $? = 0
configure:6276: xenon-gcc -E   -D_GNU_SOURCE=1 conftest.c
conftest.c:9:28: fatal error: ac_nonexistent.h: No such file or directory
compilation terminated.
configure:6276: $? = 1
configure: failed program was:
| /* confdefs.h */
| #define PACKAGE_NAME ""
| #define PACKAGE_TARNAME ""
| #define PACKAGE_VERSION ""
| #define PACKAGE_STRING ""
| #define PACKAGE_BUGREPORT ""
| #define PACKAGE_URL ""
| /* end confdefs.h.  */
| #include <ac_nonexistent.h>
configure:6305: checking for ANSI C header files
configure:6325: xenon-gcc -c -mcpu=cell -mtune=cell -m32 -fno-pic -mpowerpc64 /usr/local/xenon/usr/lib/libxenon.a -L/usr/local/xenon/xenon/lib/32/ -T/usr/local/xenon/app.lds -u read -u _start -u exc_base -L/usr/local/xenon/usr/lib -I/usr/local/xenon/usr/include  -D_GNU_SOURCE=1   -D_GNU_SOURCE=1 conftest.c >&5
xenon-gcc: warning: /usr/local/xenon/usr/lib/libxenon.a: linker input file unused because linking not done
configure:6325: $? = 0
configure:6409: result: yes
configure:6422: checking for sys/types.h
configure:6422: xenon-gcc -c -mcpu=cell -mtune=cell -m32 -fno-pic -mpowerpc64 /usr/local/xenon/usr/lib/libxenon.a -L/usr/local/xenon/xenon/lib/32/ -T/usr/local/xenon/app.lds -u read -u _start -u exc_base -L/usr/local/xenon/usr/lib -I/usr/local/xenon/usr/include  -D_GNU_SOURCE=1   -D_GNU_SOURCE=1 conftest.c >&5
xenon-gcc: warning: /usr/local/xenon/usr/lib/libxenon.a: linker input file unused because linking not done
configure:6422: $? = 0
configure:6422: result: yes
configure:6422: checking for sys/stat.h
configure:6422: xenon-gcc -c -mcpu=cell -mtune=cell -m32 -fno-pic -mpowerpc64 /usr/local/xenon/usr/lib/libxenon.a -L/usr/local/xenon/xenon/lib/32/ -T/usr/local/xenon/app.lds -u read -u _start -u exc_base -L/usr/local/xenon/usr/lib -I/usr/local/xenon/usr/include  -D_GNU_SOURCE=1   -D_GNU_SOURCE=1 conftest.c >&5
xenon-gcc: warning: /usr/local/xenon/usr/lib/libxenon.a: linker input file unused because linking not done
configure:6422: $? = 0
configure:6422: result: yes
configure:6422: checking for stdlib.h
configure:6422: xenon-gcc -c -mcpu=cell -mtune=cell -m32 -fno-pic -mpowerpc64 /usr/local/xenon/usr/lib/libxenon.a -L/usr/local/xenon/xenon/lib/32/ -T/usr/local/xenon/app.lds -u read -u _start -u exc_base -L/usr/local/xenon/usr/lib -I/usr/local/xenon/usr/include  -D_GNU_SOURCE=1   -D_GNU_SOURCE=1 conftest.c >&5
xenon-gcc: warning: /usr/local/xenon/usr/lib/libxenon.a: linker input file unused because linking not done
configure:6422: $? = 0
configure:6422: result: yes
configure:6422: checking for string.h
configure:6422: xenon-gcc -c -mcpu=cell -mtune=cell -m32 -fno-pic -mpowerpc64 /usr/local/xenon/usr/lib/libxenon.a -L/usr/local/xenon/xenon/lib/32/ -T/usr/local/xenon/app.lds -u read -u _start -u exc_base -L/usr/local/xenon/usr/lib -I/usr/local/xenon/usr/include  -D_GNU_SOURCE=1   -D_GNU_SOURCE=1 conftest.c >&5
xenon-gcc: warning: /usr/local/xenon/usr/lib/libxenon.a: linker input file unused because linking not done
configure:6422: $? = 0
configure:6422: result: yes
configure:6422: checking for memory.h
configure:6422: xenon-gcc -c -mcpu=cell -mtune=cell -m32 -fno-pic -mpowerpc64 /usr/local/xenon/usr/lib/libxenon.a -L/usr/local/xenon/xenon/lib/32/ -T/usr/local/xenon/app.lds -u read -u _start -u exc_base -L/usr/local/xenon/usr/lib -I/usr/local/xenon/usr/include  -D_GNU_SOURCE=1   -D_GNU_SOURCE=1 conftest.c >&5
conftest.c:48:20: fatal error: memory.h: No such file or directory
compilation terminated.
configure:6422: $? = 1
configure: failed program was:
| /* confdefs.h */
| #define PACKAGE_NAME ""
| #define PACKAGE_TARNAME ""
| #define PACKAGE_VERSION ""
| #define PACKAGE_STRING ""
| #define PACKAGE_BUGREPORT ""
| #define PACKAGE_URL ""
| #define STDC_HEADERS 1
| #define HAVE_SYS_TYPES_H 1
| #define HAVE_SYS_STAT_H 1
| #define HAVE_STDLIB_H 1
| #define HAVE_STRING_H 1
| /* end confdefs.h.  */
| #include <stdio.h>
| #ifdef HAVE_SYS_TYPES_H
| # include <sys/types.h>
| #endif
| #ifdef HAVE_SYS_STAT_H
| # include <sys/stat.h>
| #endif
| #ifdef STDC_HEADERS
| # include <stdlib.h>
| # include <stddef.h>
| #else
| # ifdef HAVE_STDLIB_H
| #  include <stdlib.h>
| # endif
| #endif
| #ifdef HAVE_STRING_H
| # if !defined STDC_HEADERS && defined HAVE_MEMORY_H
| #  include <memory.h>
| # endif
| # include <string.h>
| #endif
| #ifdef HAVE_STRINGS_H
| # include <strings.h>
| #endif
| #ifdef HAVE_INTTYPES_H
| # include <inttypes.h>
| #endif
| #ifdef HAVE_STDINT_H
| # include <stdint.h>
| #endif
| #ifdef HAVE_UNISTD_H
| # include <unistd.h>
| #endif
| 
| #include <memory.h>
configure:6422: result: no
configure:6422: checking for strings.h
configure:6422: xenon-gcc -c -mcpu=cell -mtune=cell -m32 -fno-pic -mpowerpc64 /usr/local/xenon/usr/lib/libxenon.a -L/usr/local/xenon/xenon/lib/32/ -T/usr/local/xenon/app.lds -u read -u _start -u exc_base -L/usr/local/xenon/usr/lib -I/usr/local/xenon/usr/include  -D_GNU_SOURCE=1   -D_GNU_SOURCE=1 conftest.c >&5
xenon-gcc: warning: /usr/local/xenon/usr/lib/libxenon.a: linker input file unused because linking not done
configure:6422: $? = 0
configure:6422: result: yes
configure:6422: checking for inttypes.h
configure:6422: xenon-gcc -c -mcpu=cell -mtune=cell -m32 -fno-pic -mpowerpc64 /usr/local/xenon/usr/lib/libxenon.a -L/usr/local/xenon/xenon/lib/32/ -T/usr/local/xenon/app.lds -u read -u _start -u exc_base -L/usr/local/xenon/usr/lib -I/usr/local/xenon/usr/include  -D_GNU_SOURCE=1   -D_GNU_SOURCE=1 conftest.c >&5
xenon-gcc: warning: /usr/local/xenon/usr/lib/libxenon.a: linker input file unused because linking not done
configure:6422: $? = 0
configure:6422: result: yes
configure:6422: checking for stdint.h
configure:6422: xenon-gcc -c -mcpu=cell -mtune=cell -m32 -fno-pic -mpowerpc64 /usr/local/xenon/usr/lib/libxenon.a -L/usr/local/xenon/xenon/lib/32/ -T/usr/local/xenon/app.lds -u read -u _start -u exc_base -L/usr/local/xenon/usr/lib -I/usr/local/xenon/usr/include  -D_GNU_SOURCE=1   -D_GNU_SOURCE=1 conftest.c >&5
xenon-gcc: warning: /usr/local/xenon/usr/lib/libxenon.a: linker input file unused because linking not done
configure:6422: $? = 0
configure:6422: result: yes
configure:6422: checking for unistd.h
configure:6422: xenon-gcc -c -mcpu=cell -mtune=cell -m32 -fno-pic -mpowerpc64 /usr/local/xenon/usr/lib/libxenon.a -L/usr/local/xenon/xenon/lib/32/ -T/usr/local/xenon/app.lds -u read -u _start -u exc_base -L/usr/local/xenon/usr/lib -I/usr/local/xenon/usr/include  -D_GNU_SOURCE=1   -D_GNU_SOURCE=1 conftest.c >&5
xenon-gcc: warning: /usr/local/xenon/usr/lib/libxenon.a: linker input file unused because linking not done
configure:6422: $? = 0
configure:6422: result: yes
configure:6436: checking for dlfcn.h
configure:6436: xenon-gcc -c -mcpu=cell -mtune=cell -m32 -fno-pic -mpowerpc64 /usr/local/xenon/usr/lib/libxenon.a -L/usr/local/xenon/xenon/lib/32/ -T/usr/local/xenon/app.lds -u read -u _start -u exc_base -L/usr/local/xenon/usr/lib -I/usr/local/xenon/usr/include  -D_GNU_SOURCE=1   -D_GNU_SOURCE=1 conftest.c >&5
conftest.c:52:19: fatal error: dlfcn.h: No such file or directory
compilation terminated.
configure:6436: $? = 1
configure: failed program was:
| /* confdefs.h */
| #define PACKAGE_NAME ""
| #define PACKAGE_TARNAME ""
| #define PACKAGE_VERSION ""
| #define PACKAGE_STRING ""
| #define PACKAGE_BUGREPORT ""
| #define PACKAGE_URL ""
| #define STDC_HEADERS 1
| #define HAVE_SYS_TYPES_H 1
| #define HAVE_SYS_STAT_H 1
| #define HAVE_STDLIB_H 1
| #define HAVE_STRING_H 1
| #define HAVE_STRINGS_H 1
| #define HAVE_INTTYPES_H 1
| #define HAVE_STDINT_H 1
| #define HAVE_UNISTD_H 1
| /* end confdefs.h.  */
| #include <stdio.h>
| #ifdef HAVE_SYS_TYPES_H
| # include <sys/types.h>
| #endif
| #ifdef HAVE_SYS_STAT_H
| # include <sys/stat.h>
| #endif
| #ifdef STDC_HEADERS
| # include <stdlib.h>
| # include <stddef.h>
| #else
| # ifdef HAVE_STDLIB_H
| #  include <stdlib.h>
| # endif
| #endif
| #ifdef HAVE_STRING_H
| # if !defined STDC_HEADERS && defined HAVE_MEMORY_H
| #  include <memory.h>
| # endif
| # include <string.h>
| #endif
| #ifdef HAVE_STRINGS_H
| # include <strings.h>
| #endif
| #ifdef HAVE_INTTYPES_H
| # include <inttypes.h>
| #endif
| #ifdef HAVE_STDINT_H
| # include <stdint.h>
| #endif
| #ifdef HAVE_UNISTD_H
| # include <unistd.h>
| #endif
| 
| #include <dlfcn.h>
configure:6436: result: no
configure:6618: checking for objdir
configure:6633: result: .libs
configure:6925: checking if xenon-gcc supports -fno-rtti -fno-exceptions
configure:6938: xenon-gcc -c -mcpu=cell -mtune=cell -m32 -fno-pic -mpowerpc64 /usr/local/xenon/usr/lib/libxenon.a -L/usr/local/xenon/xenon/lib/32/ -T/usr/local/xenon/app.lds -u read -u _start -u exc_base -L/usr/local/xenon/usr/lib -I/usr/local/xenon/usr/include  -D_GNU_SOURCE=1   -D_GNU_SOURCE=1 -fno-rtti -fno-exceptions conftest.c >&5
cc1: warning: command line option '-fno-rtti' is valid for C++/ObjC++ but not for C [enabled by default]
xenon-gcc: warning: /usr/local/xenon/usr/lib/libxenon.a: linker input file unused because linking not done
configure:6942: $? = 0
configure:6960: result: no
configure:6980: checking for xenon-gcc option to produce PIC
configure:7252: result: -fPIC -DPIC
configure:7264: checking if xenon-gcc PIC flag -fPIC -DPIC works
configure:7277: xenon-gcc -c -mcpu=cell -mtune=cell -m32 -fno-pic -mpowerpc64 /usr/local/xenon/usr/lib/libxenon.a -L/usr/local/xenon/xenon/lib/32/ -T/usr/local/xenon/app.lds -u read -u _start -u exc_base -L/usr/local/xenon/usr/lib -I/usr/local/xenon/usr/include  -D_GNU_SOURCE=1   -D_GNU_SOURCE=1 -fPIC -DPIC -DPIC conftest.c >&5
xenon-gcc: warning: /usr/local/xenon/usr/lib/libxenon.a: linker input file unused because linking not done
configure:7281: $? = 0
configure:7299: result: yes
configure:7323: checking if xenon-gcc static flag -static works
configure:7351: result: yes
configure:7366: checking if xenon-gcc supports -c -o file.o
configure:7382: xenon-gcc -c -mcpu=cell -mtune=cell -m32 -fno-pic -mpowerpc64 /usr/local/xenon/usr/lib/libxenon.a -L/usr/local/xenon/xenon/lib/32/ -T/usr/local/xenon/app.lds -u read -u _start -u exc_base -L/usr/local/xenon/usr/lib -I/usr/local/xenon/usr/include  -D_GNU_SOURCE=1   -D_GNU_SOURCE=1 -o out/conftest2.o conftest.c >&5
xenon-gcc: warning: /usr/local/xenon/usr/lib/libxenon.a: linker input file unused because linking not done
configure:7386: $? = 0
configure:7413: result: yes
configure:7421: checking if xenon-gcc supports -c -o file.o
configure:7468: result: yes
configure:7501: checking whether the xenon-gcc linker (/usr/local/xenon/xenon/bin/ld) supports shared libraries
configure:8492: result: yes
configure:8731: checking dynamic linker characteristics
configure:9394: result: no
configure:9496: checking how to hardcode library paths into programs
configure:9521: result: immediate
configure:10041: checking whether stripping libraries is possible
configure:10046: result: yes
configure:10081: checking if libtool supports shared libraries
configure:10083: result: no
configure:10086: checking whether to build shared libraries
configure:10107: result: no
configure:10110: checking whether to build static libraries
configure:10114: result: yes
configure:10157: checking for xenon-gcc
configure:10184: result: xenon-gcc
configure:10453: checking for C compiler version
configure:10462: xenon-gcc --version >&5
xenon-gcc (GCC) 4.7.1
Copyright (C) 2012 Free Software Foundation, Inc.
This is free software; see the source for copying conditions.  There is NO
warranty; not even for MERCHANTABILITY or FITNESS FOR A PARTICULAR PURPOSE.

configure:10473: $? = 0
configure:10462: xenon-gcc -v >&5
Using built-in specs.
COLLECT_GCC=xenon-gcc
COLLECT_LTO_WRAPPER=/usr/local/xenon/libexec/gcc/xenon/4.7.1/lto-wrapper
Target: xenon
Configured with: ../gcc-4.7.1/configure --target=xenon --prefix=/usr/local/xenon --with-libiconv-prefix=/opt/local --with-cpu=cell --with-gmp=/opt/local --with-mpfr=/opt/local --disable-decimal-float --disable-libquadmath --enable-languages=c,c++ --disable-libssp --with-newlib --enable-cxx-flags=-G0 --disable-libmudflap --disable-nls --disable-shared --disable-linux-futex --enable-altivec --disable-threads --disable-libgomp --disable-libitm
Thread model: single
gcc version 4.7.1 (GCC) 
configure:10473: $? = 0
configure:10462: xenon-gcc -V >&5
xenon-gcc: error: unrecognized command line option '-V'
xenon-gcc: fatal error: no input files
compilation terminated.
configure:10473: $? = 1
configure:10462: xenon-gcc -qversion >&5
xenon-gcc: error: unrecognized command line option '-qversion'
xenon-gcc: fatal error: no input files
compilation terminated.
configure:10473: $? = 1
configure:10477: checking whether we are using the GNU C compiler
configure:10505: result: yes
configure:10514: checking whether xenon-gcc accepts -g
configure:10575: result: yes
configure:10592: checking for xenon-gcc option to accept ISO C89
configure:10669: result: none needed
configure:10703: checking for a BSD-compatible install
configure:10771: result: /usr/bin/install -c
configure:10782: checking whether make sets $(MAKE)
configure:10804: result: yes
configure:10822: checking for windres
configure:10852: result: no
configure:10822: checking for xenon-windres
configure:10852: result: no
configure:10822: checking for none-windres
configure:10852: result: no
configure:10861: checking for an ANSI C-conforming const
configure:10926: xenon-gcc -c -mcpu=cell -mtune=cell -m32 -fno-pic -mpowerpc64 /usr/local/xenon/usr/lib/libxenon.a -L/usr/local/xenon/xenon/lib/32/ -T/usr/local/xenon/app.lds -u read -u _start -u exc_base -L/usr/local/xenon/usr/lib -I/usr/local/xenon/usr/include  -D_GNU_SOURCE=1   -D_GNU_SOURCE=1 conftest.c >&5
xenon-gcc: warning: /usr/local/xenon/usr/lib/libxenon.a: linker input file unused because linking not done
configure:10926: $? = 0
configure:10933: result: yes
configure:11030: checking for sdl-config
configure:11048: found /usr/bin/sdl-config
configure:11061: result: /usr/bin/sdl-config
configure:11071: checking for SDL - version >= 1.2.10
configure:11173: result: yes
configure:11463: checking tremor/ivorbisfile.h usability
configure:11463: xenon-gcc -c -mcpu=cell -mtune=cell -m32 -fno-pic -mpowerpc64 /usr/local/xenon/usr/lib/libxenon.a -L/usr/local/xenon/xenon/lib/32/ -T/usr/local/xenon/app.lds -u read -u _start -u exc_base -L/usr/local/xenon/usr/lib -I/usr/local/xenon/usr/include  -D_GNU_SOURCE=1   -D_GNU_SOURCE=1 conftest.c >&5
xenon-gcc: warning: /usr/local/xenon/usr/lib/libxenon.a: linker input file unused because linking not done
configure:11463: $? = 0
configure:11463: result: yes
configure:11463: checking tremor/ivorbisfile.h presence
configure:11463: xenon-gcc -E   -D_GNU_SOURCE=1 conftest.c
conftest.c:19:32: fatal error: tremor/ivorbisfile.h: No such file or directory
compilation terminated.
configure:11463: $? = 1
configure: failed program was:
| /* confdefs.h */
| #define PACKAGE_NAME ""
| #define PACKAGE_TARNAME ""
| #define PACKAGE_VERSION ""
| #define PACKAGE_STRING ""
| #define PACKAGE_BUGREPORT ""
| #define PACKAGE_URL ""
| #define STDC_HEADERS 1
| #define HAVE_SYS_TYPES_H 1
| #define HAVE_SYS_STAT_H 1
| #define HAVE_STDLIB_H 1
| #define HAVE_STRING_H 1
| #define HAVE_STRINGS_H 1
| #define HAVE_INTTYPES_H 1
| #define HAVE_STDINT_H 1
| #define HAVE_UNISTD_H 1
| #define LT_OBJDIR ".libs/"
| /* end confdefs.h.  */
| #include <tremor/ivorbisfile.h>
configure:11463: result: no
configure:11463: WARNING: tremor/ivorbisfile.h: accepted by the compiler, rejected by the preprocessor!
configure:11463: WARNING: tremor/ivorbisfile.h: proceeding with the compiler's result
configure:11463: checking for tremor/ivorbisfile.h
configure:11463: result: yes
configure:11469: checking for ov_open_callbacks in -lvorbisidec
configure:11494: xenon-gcc -o conftest -mcpu=cell -mtune=cell -m32 -fno-pic -mpowerpc64 /usr/local/xenon/usr/lib/libxenon.a -L/usr/local/xenon/xenon/lib/32/ -T/usr/local/xenon/app.lds -u read -u _start -u exc_base -L/usr/local/xenon/usr/lib -I/usr/local/xenon/usr/include  -D_GNU_SOURCE=1   -D_GNU_SOURCE=1   conftest.c -lvorbisidec   >&5
configure:11494: $? = 0
configure:11503: result: yes
configure:11627: checking FLAC/stream_decoder.h usability
configure:11627: xenon-gcc -c -mcpu=cell -mtune=cell -m32 -fno-pic -mpowerpc64 /usr/local/xenon/usr/lib/libxenon.a -L/usr/local/xenon/xenon/lib/32/ -T/usr/local/xenon/app.lds -u read -u _start -u exc_base -L/usr/local/xenon/usr/lib -I/usr/local/xenon/usr/include  -D_GNU_SOURCE=1   -D_GNU_SOURCE=1 conftest.c >&5
conftest.c:52:33: fatal error: FLAC/stream_decoder.h: No such file or directory
compilation terminated.
configure:11627: $? = 1
configure: failed program was:
| /* confdefs.h */
| #define PACKAGE_NAME ""
| #define PACKAGE_TARNAME ""
| #define PACKAGE_VERSION ""
| #define PACKAGE_STRING ""
| #define PACKAGE_BUGREPORT ""
| #define PACKAGE_URL ""
| #define STDC_HEADERS 1
| #define HAVE_SYS_TYPES_H 1
| #define HAVE_SYS_STAT_H 1
| #define HAVE_STDLIB_H 1
| #define HAVE_STRING_H 1
| #define HAVE_STRINGS_H 1
| #define HAVE_INTTYPES_H 1
| #define HAVE_STDINT_H 1
| #define HAVE_UNISTD_H 1
| #define LT_OBJDIR ".libs/"
| /* end confdefs.h.  */
| #include <stdio.h>
| #ifdef HAVE_SYS_TYPES_H
| # include <sys/types.h>
| #endif
| #ifdef HAVE_SYS_STAT_H
| # include <sys/stat.h>
| #endif
| #ifdef STDC_HEADERS
| # include <stdlib.h>
| # include <stddef.h>
| #else
| # ifdef HAVE_STDLIB_H
| #  include <stdlib.h>
| # endif
| #endif
| #ifdef HAVE_STRING_H
| # if !defined STDC_HEADERS && defined HAVE_MEMORY_H
| #  include <memory.h>
| # endif
| # include <string.h>
| #endif
| #ifdef HAVE_STRINGS_H
| # include <strings.h>
| #endif
| #ifdef HAVE_INTTYPES_H
| # include <inttypes.h>
| #endif
| #ifdef HAVE_STDINT_H
| # include <stdint.h>
| #endif
| #ifdef HAVE_UNISTD_H
| # include <unistd.h>
| #endif
| #include <FLAC/stream_decoder.h>
configure:11627: result: no
configure:11627: checking FLAC/stream_decoder.h presence
configure:11627: xenon-gcc -E   -D_GNU_SOURCE=1 conftest.c
conftest.c:19:33: fatal error: FLAC/stream_decoder.h: No such file or directory
compilation terminated.
configure:11627: $? = 1
configure: failed program was:
| /* confdefs.h */
| #define PACKAGE_NAME ""
| #define PACKAGE_TARNAME ""
| #define PACKAGE_VERSION ""
| #define PACKAGE_STRING ""
| #define PACKAGE_BUGREPORT ""
| #define PACKAGE_URL ""
| #define STDC_HEADERS 1
| #define HAVE_SYS_TYPES_H 1
| #define HAVE_SYS_STAT_H 1
| #define HAVE_STDLIB_H 1
| #define HAVE_STRING_H 1
| #define HAVE_STRINGS_H 1
| #define HAVE_INTTYPES_H 1
| #define HAVE_STDINT_H 1
| #define HAVE_UNISTD_H 1
| #define LT_OBJDIR ".libs/"
| /* end confdefs.h.  */
| #include <FLAC/stream_decoder.h>
configure:11627: result: no
configure:11627: checking for FLAC/stream_decoder.h
configure:11627: result: no
configure:11633: checking for FLAC__stream_decoder_new in -lFLAC
configure:11658: xenon-gcc -o conftest -mcpu=cell -mtune=cell -m32 -fno-pic -mpowerpc64 /usr/local/xenon/usr/lib/libxenon.a -L/usr/local/xenon/xenon/lib/32/ -T/usr/local/xenon/app.lds -u read -u _start -u exc_base -L/usr/local/xenon/usr/lib -I/usr/local/xenon/usr/include  -D_GNU_SOURCE=1   -D_GNU_SOURCE=1   conftest.c -lFLAC   >&5
/usr/local/xenon/lib/gcc/xenon/4.7.1/../../../../xenon/bin/ld: cannot find -lFLAC
collect2: error: ld returned 1 exit status
configure:11658: $? = 1
configure: failed program was:
| /* confdefs.h */
| #define PACKAGE_NAME ""
| #define PACKAGE_TARNAME ""
| #define PACKAGE_VERSION ""
| #define PACKAGE_STRING ""
| #define PACKAGE_BUGREPORT ""
| #define PACKAGE_URL ""
| #define STDC_HEADERS 1
| #define HAVE_SYS_TYPES_H 1
| #define HAVE_SYS_STAT_H 1
| #define HAVE_STDLIB_H 1
| #define HAVE_STRING_H 1
| #define HAVE_STRINGS_H 1
| #define HAVE_INTTYPES_H 1
| #define HAVE_STDINT_H 1
| #define HAVE_UNISTD_H 1
| #define LT_OBJDIR ".libs/"
| /* end confdefs.h.  */
| 
| /* Override any GCC internal prototype to avoid an error.
|    Use char because int might match the return type of a GCC
|    builtin and then its argument prototype would still apply.  */
| #ifdef __cplusplus
| extern "C"
| #endif
| char FLAC__stream_decoder_new ();
| int
| main ()
| {
| return FLAC__stream_decoder_new ();
|   ;
|   return 0;
| }
configure:11667: result: no
configure:11746: checking for smpeg-config
configure:11764: found /usr/bin/smpeg-config
configure:11777: result: /usr/bin/smpeg-config
configure:11786: checking for SMPEG - version >= 0.4.3
configure:11885: result: yes
configure:12179: creating ./config.status

## ---------------------- ##
## Running config.status. ##
## ---------------------- ##

This file was extended by config.status, which was
generated by GNU Autoconf 2.67.  Invocation command line was

  CONFIG_FILES    = 
  CONFIG_HEADERS  = 
  CONFIG_LINKS    = 
  CONFIG_COMMANDS = 
  $ ./config.status 

on crunchbang

config.status:1004: creating Makefile
config.status:1107: WARNING:  'Makefile.in' seems to ignore the --datarootdir setting
config.status:1004: creating SDL_mixer.spec
config.status:1004: creating SDL_mixer.qpg
config.status:1169: executing libtool commands
config.status:1169: executing default commands

## ---------------- ##
## Cache variables. ##
## ---------------- ##

ac_cv_build=i686-pc-linux-gnu
ac_cv_c_compiler_gnu=yes
ac_cv_c_const=yes
ac_cv_env_CC_set=set
ac_cv_env_CC_value=xenon-gcc
ac_cv_env_CFLAGS_set=set
ac_cv_env_CFLAGS_value='-mcpu=cell -mtune=cell -m32 -fno-pic -mpowerpc64 /usr/local/xenon/usr/lib/libxenon.a -L/usr/local/xenon/xenon/lib/32/ -T/usr/local/xenon/app.lds -u read -u _start -u exc_base -L/usr/local/xenon/usr/lib -I/usr/local/xenon/usr/include'
ac_cv_env_CPPFLAGS_set=
ac_cv_env_CPPFLAGS_value=
ac_cv_env_CPP_set=
ac_cv_env_CPP_value=
ac_cv_env_LDFLAGS_set=set
ac_cv_env_LDFLAGS_value=
ac_cv_env_LIBS_set=
ac_cv_env_LIBS_value=
ac_cv_env_build_alias_set=
ac_cv_env_build_alias_value=
ac_cv_env_host_alias_set=set
ac_cv_env_host_alias_value=xenon
ac_cv_env_target_alias_set=
ac_cv_env_target_alias_value=
ac_cv_header_FLAC_stream_decoder_h=no
ac_cv_header_dlfcn_h=no
ac_cv_header_inttypes_h=yes
ac_cv_header_memory_h=no
ac_cv_header_stdc=yes
ac_cv_header_stdint_h=yes
ac_cv_header_stdlib_h=yes
ac_cv_header_string_h=yes
ac_cv_header_strings_h=yes
ac_cv_header_sys_stat_h=yes
ac_cv_header_sys_types_h=yes
ac_cv_header_tremor_ivorbisfile_h=yes
ac_cv_header_unistd_h=yes
ac_cv_host=powerpc64-unknown-none
ac_cv_lib_FLAC_FLAC__stream_decoder_new=no
ac_cv_lib_vorbisidec_ov_open_callbacks=yes
ac_cv_objext=o
ac_cv_path_EGREP='/bin/grep -E'
ac_cv_path_FGREP='/bin/grep -F'
ac_cv_path_GREP=/bin/grep
ac_cv_path_SDL_CONFIG=/usr/bin/sdl-config
ac_cv_path_SED=/bin/sed
ac_cv_path_SMPEG_CONFIG=/usr/bin/smpeg-config
ac_cv_path_install='/usr/bin/install -c'
ac_cv_prog_AR=xenon-ar
ac_cv_prog_CC=xenon-gcc
ac_cv_prog_CPP='xenon-gcc -E'
ac_cv_prog_OBJDUMP=objdump
ac_cv_prog_RANLIB=xenon-ranlib
ac_cv_prog_STRIP=xenon-strip
ac_cv_prog_cc_c89=
ac_cv_prog_cc_g=yes
ac_cv_prog_make_make_set=yes
lt_cv_deplibs_check_method=unknown
lt_cv_file_magic_cmd='$MAGIC_CMD'
lt_cv_file_magic_test_file=
lt_cv_ld_reload_flag=-r
lt_cv_nm_interface='BSD nm'
lt_cv_objdir=.libs
lt_cv_path_LD=/usr/local/xenon/xenon/bin/ld
lt_cv_path_NM='/usr/local/xenon/bin/xenon-nm -B'
lt_cv_prog_compiler_c_o=yes
lt_cv_prog_compiler_pic_works=yes
lt_cv_prog_compiler_rtti_exceptions=no
lt_cv_prog_compiler_static_works=yes
lt_cv_prog_gnu_ld=yes
lt_cv_sys_global_symbol_pipe='sed -n -e '\''s/^.*[	 ]\([ABCDGIRSTW][ABCDGIRSTW]*\)[	 ][	 ]*\([_A-Za-z][_A-Za-z0-9]*\)$/\1 \2 \2/p'\'''
lt_cv_sys_global_symbol_to_c_name_address='sed -n -e '\''s/^: \([^ ]*\) $/  {\"\1\", (void *) 0},/p'\'' -e '\''s/^[ABCDGIRSTW]* \([^ ]*\) \([^ ]*\)$/  {"\2", (void *) \&\2},/p'\'''
lt_cv_sys_global_symbol_to_c_name_address_lib_prefix='sed -n -e '\''s/^: \([^ ]*\) $/  {\"\1\", (void *) 0},/p'\'' -e '\''s/^[ABCDGIRSTW]* \([^ ]*\) \(lib[^ ]*\)$/  {"\2", (void *) \&\2},/p'\'' -e '\''s/^[ABCDGIRSTW]* \([^ ]*\) \([^ ]*\)$/  {"lib\2", (void *) \&\2},/p'\'''
lt_cv_sys_global_symbol_to_cdecl='sed -n -e '\''s/^T .* \(.*\)$/extern int \1();/p'\'' -e '\''s/^[ABCDGIRSTW]* .* \(.*\)$/extern char \1;/p'\'''
lt_cv_sys_max_cmd_len=1572864

## ----------------- ##
## Output variables. ##
## ----------------- ##

AR='xenon-ar'
AS='as'
BINARY_AGE='8'
BUILD_CFLAGS='-mcpu=cell -mtune=cell -m32 -fno-pic -mpowerpc64 /usr/local/xenon/usr/lib/libxenon.a -L/usr/local/xenon/xenon/lib/32/ -T/usr/local/xenon/app.lds -u read -u _start -u exc_base -L/usr/local/xenon/usr/lib -I/usr/local/xenon/usr/include '
BUILD_LDFLAGS=''
CC='xenon-gcc'
CFLAGS='-mcpu=cell -mtune=cell -m32 -fno-pic -mpowerpc64 /usr/local/xenon/usr/lib/libxenon.a -L/usr/local/xenon/xenon/lib/32/ -T/usr/local/xenon/app.lds -u read -u _start -u exc_base -L/usr/local/xenon/usr/lib -I/usr/local/xenon/usr/include  -D_GNU_SOURCE=1'
CPP='xenon-gcc -E'
CPPFLAGS='  -D_GNU_SOURCE=1'
DEFS='-DPACKAGE_NAME=\"\" -DPACKAGE_TARNAME=\"\" -DPACKAGE_VERSION=\"\" -DPACKAGE_STRING=\"\" -DPACKAGE_BUGREPORT=\"\" -DPACKAGE_URL=\"\" -DSTDC_HEADERS=1 -DHAVE_SYS_TYPES_H=1 -DHAVE_SYS_STAT_H=1 -DHAVE_STDLIB_H=1 -DHAVE_STRING_H=1 -DHAVE_STRINGS_H=1 -DHAVE_INTTYPES_H=1 -DHAVE_STDINT_H=1 -DHAVE_UNISTD_H=1 -DLT_OBJDIR=\".libs/\"'
DLLTOOL='dlltool'
DSYMUTIL=''
DUMPBIN=''
ECHO_C=''
ECHO_N='-n'
ECHO_T=''
EGREP='/bin/grep -E'
EXE=''
EXEEXT=''
EXTRA_CFLAGS=' -D_GNU_SOURCE=1 -I/usr/include/SDL -D_GNU_SOURCE=1 -D_REENTRANT -DCMD_MUSIC -DWAV_MUSIC -DMOD_MUSIC -I$(srcdir)/mikmod -DMID_MUSIC -DUSE_TIMIDITY_MIDI -I$(srcdir)/timidity -DOGG_MUSIC -DOGG_USE_TREMOR -DMP3_MUSIC -I/usr/include/smpeg -I/usr/include/SDL -D_GNU_SOURCE=1 -D_REENTRANT -DMP3_DYNAMIC=\"libsmpeg-0.4.so.0\"'
EXTRA_LDFLAGS=' -L/usr/lib -lSDL -lvorbisidec'
FGREP='/bin/grep -F'
GREP='/bin/grep'
INSTALL_DATA='${INSTALL} -m 644'
INSTALL_PROGRAM='${INSTALL}'
INSTALL_SCRIPT='${INSTALL}'
INTERFACE_AGE='6'
LD='/usr/local/xenon/xenon/bin/ld'
LDFLAGS=' '
LIBMIKMOD_CONFIG=''
LIBOBJS=''
LIBS=''
LIBTOOL='$(SHELL) $(top_builddir)/libtool'
LIPO=''
LN_S='ln -s'
LTLIBOBJS=''
LT_AGE='2'
LT_CURRENT='2'
LT_RELEASE='1.2'
LT_REVISION='6'
MAJOR_VERSION='1'
MICRO_VERSION='8'
MINOR_VERSION='2'
NM='/usr/local/xenon/bin/xenon-nm -B'
NMEDIT=''
OBJDUMP='objdump'
OBJECTS='$(objects)/effect_position.lo $(objects)/effect_stereoreverse.lo $(objects)/effects_internal.lo $(objects)/load_aiff.lo $(objects)/load_voc.lo $(objects)/mixer.lo $(objects)/music.lo $(objects)/music_cmd.lo $(objects)/wavestream.lo $(objects)/drv_nos.lo $(objects)/load_it.lo $(objects)/load_mod.lo $(objects)/load_s3m.lo $(objects)/load_xm.lo $(objects)/mdreg.lo $(objects)/mdriver.lo $(objects)/mloader.lo $(objects)/mlreg.lo $(objects)/mlutil.lo $(objects)/mmalloc.lo $(objects)/mmerror.lo $(objects)/mmio.lo $(objects)/mplayer.lo $(objects)/munitrk.lo $(objects)/mwav.lo $(objects)/npertab.lo $(objects)/sloader.lo $(objects)/virtch.lo $(objects)/virtch2.lo $(objects)/virtch_common.lo $(objects)/common.lo $(objects)/ctrlmode.lo $(objects)/filter.lo $(objects)/instrum.lo $(objects)/mix.lo $(objects)/output.lo $(objects)/playmidi.lo $(objects)/readmidi.lo $(objects)/resample.lo $(objects)/sdl_a.lo $(objects)/sdl_c.lo $(objects)/tables.lo $(objects)/timidity.lo $(objects)/dynamic_ogg.lo $(objects)/load_ogg.lo $(objects)/music_ogg.lo $(objects)/dynamic_mp3.lo'
OBJEXT='o'
OTOOL64=''
OTOOL=''
PACKAGE_BUGREPORT=''
PACKAGE_NAME=''
PACKAGE_STRING=''
PACKAGE_TARNAME=''
PACKAGE_URL=''
PACKAGE_VERSION=''
PATH_SEPARATOR=':'
RANLIB='xenon-ranlib'
SDL_CFLAGS='-I/usr/include/SDL -D_GNU_SOURCE=1 -D_REENTRANT'
SDL_CONFIG='/usr/bin/sdl-config'
SDL_LIBS='-L/usr/lib -lSDL'
SED='/bin/sed'
SET_MAKE=''
SHELL='/bin/bash'
SMPEG_CFLAGS='-I/usr/include/smpeg -I/usr/include/SDL -D_GNU_SOURCE=1 -D_REENTRANT'
SMPEG_CONFIG='/usr/bin/smpeg-config'
SMPEG_LIBS='-L/usr/lib -lsmpeg -L/usr/lib -lSDL'
SOURCES=' ./effect_position.c ./effect_stereoreverse.c ./effects_internal.c ./load_aiff.c ./load_voc.c ./mixer.c ./music.c ./music_cmd.c ./wavestream.c ./mikmod/*.c ./timidity/*.c ./*_ogg.c ./*_mp3.c'
STRIP='xenon-strip'
VERSION='1.2.8'
WINDRES=''
ac_aux_dir='./build-scripts'
ac_ct_CC=''
ac_ct_DUMPBIN=''
bindir='${exec_prefix}/bin'
build='i686-pc-linux-gnu'
build_alias=''
build_cpu='i686'
build_os='linux-gnu'
build_vendor='pc'
datadir='${datarootdir}'
datarootdir='${prefix}/share'
docdir='${datarootdir}/doc/${PACKAGE}'
dvidir='${docdir}'
exec_prefix='${prefix}'
host='powerpc64-unknown-none'
host_alias='xenon'
host_cpu='powerpc64'
host_os='none'
host_vendor='unknown'
htmldir='${docdir}'
includedir='${prefix}/include'
infodir='${datarootdir}/info'
libdir='${exec_prefix}/lib'
libexecdir='${exec_prefix}/libexec'
localedir='${datarootdir}/locale'
localstatedir='${prefix}/var'
lt_ECHO='echo'
mandir='${datarootdir}/man'
oldincludedir='/usr/include'
pdfdir='${docdir}'
prefix='/usr/local/xenon/usr'
program_transform_name='s,x,x,'
psdir='${docdir}'
sbindir='${exec_prefix}/sbin'
sharedstatedir='${prefix}/com'
sysconfdir='${prefix}/etc'
target_alias=''

## ----------- ##
## confdefs.h. ##
## ----------- ##

/* confdefs.h */
#define PACKAGE_NAME ""
#define PACKAGE_TARNAME ""
#define PACKAGE_VERSION ""
#define PACKAGE_STRING ""
#define PACKAGE_BUGREPORT ""
#define PACKAGE_URL ""
#define STDC_HEADERS 1
#define HAVE_SYS_TYPES_H 1
#define HAVE_SYS_STAT_H 1
#define HAVE_STDLIB_H 1
#define HAVE_STRING_H 1
#define HAVE_STRINGS_H 1
#define HAVE_INTTYPES_H 1
#define HAVE_STDINT_H 1
#define HAVE_UNISTD_H 1
#define LT_OBJDIR ".libs/"

configure: exit 0
